# JRE version: Java(TM) SE Runtime Environment (8.0_161-b12) (build 1.8.0_161-b12)
# Java VM: Java HotSpot(TM) 64-Bit Server VM (25.161-b12 mixed mode windows-amd64 compressed oops)
Heap:
 PSYoungGen      total 197120K, used 44316K [0x00000000d5f00000, 0x00000000e3500000, 0x0000000100000000)
  eden space 184832K, 17% used [0x00000000d5f00000,0x00000000d7e4ee70,0x00000000e1380000)
  from space 12288K, 99% used [0x00000000e2900000,0x00000000e34f82e0,0x00000000e3500000)
  to   space 14336K, 0% used [0x00000000e1900000,0x00000000e1900000,0x00000000e2700000)
 ParOldGen       total 87552K, used 21882K [0x0000000081c00000, 0x0000000087180000, 0x00000000d5f00000)
  object space 87552K, 24% used [0x0000000081c00000,0x000000008315eb38,0x0000000087180000)
 Metaspace       used 46823K, capacity 48624K, committed 48856K, reserved 1091584K
  class space    used 6333K, capacity 6648K, committed 6656K, reserved 1048576K
GC Heap History (10 events):
Event: 4.850 GC heap before
{Heap before GC invocations=6 (full 1):
 PSYoungGen      total 71680K, used 5118K [0x00000000d5f00000, 0x00000000df500000, 0x0000000100000000)
  eden space 66560K, 0% used [0x00000000d5f00000,0x00000000d5f00000,0x00000000da000000)
  from space 5120K, 99% used [0x00000000da000000,0x00000000da4ff8a0,0x00000000da500000)
  to   space 10240K, 0% used [0x00000000deb00000,0x00000000deb00000,0x00000000df500000)
 ParOldGen       total 87552K, used 10082K [0x0000000081c00000, 0x0000000087180000, 0x00000000d5f00000)
  object space 87552K, 11% used [0x0000000081c00000,0x00000000825d8b68,0x0000000087180000)
 Metaspace       used 20500K, capacity 21150K, committed 21248K, reserved 1067008K
  class space    used 2588K, capacity 2725K, committed 2816K, reserved 1048576K
Event: 4.894 GC heap after
Heap after GC invocations=6 (full 1):
 PSYoungGen      total 71680K, used 0K [0x00000000d5f00000, 0x00000000df500000, 0x0000000100000000)
  eden space 66560K, 0% used [0x00000000d5f00000,0x00000000d5f00000,0x00000000da000000)
  from space 5120K, 0% used [0x00000000da000000,0x00000000da000000,0x00000000da500000)
  to   space 10240K, 0% used [0x00000000deb00000,0x00000000deb00000,0x00000000df500000)
 ParOldGen       total 56832K, used 9843K [0x0000000081c00000, 0x0000000085380000, 0x00000000d5f00000)
  object space 56832K, 17% used [0x0000000081c00000,0x000000008259cee0,0x0000000085380000)
 Metaspace       used 20500K, capacity 21150K, committed 21248K, reserved 1067008K
  class space    used 2588K, capacity 2725K, committed 2816K, reserved 1048576K
}
Event: 6.382 GC heap before
{Heap before GC invocations=7 (full 1):
 PSYoungGen      total 71680K, used 66560K [0x00000000d5f00000, 0x00000000df500000, 0x0000000100000000)
  eden space 66560K, 100% used [0x00000000d5f00000,0x00000000da000000,0x00000000da000000)
  from space 5120K, 0% used [0x00000000da000000,0x00000000da000000,0x00000000da500000)
  to   space 10240K, 0% used [0x00000000deb00000,0x00000000deb00000,0x00000000df500000)
 ParOldGen       total 56832K, used 9843K [0x0000000081c00000, 0x0000000085380000, 0x00000000d5f00000)
  object space 56832K, 17% used [0x0000000081c00000,0x000000008259cee0,0x0000000085380000)
 Metaspace       used 25075K, capacity 26154K, committed 26496K, reserved 1073152K
  class space    used 3165K, capacity 3355K, committed 3456K, reserved 1048576K
Event: 6.397 GC heap after
Heap after GC invocations=7 (full 1):
 PSYoungGen      total 120832K, used 5616K [0x00000000d5f00000, 0x00000000df080000, 0x0000000100000000)
  eden space 115200K, 0% used [0x00000000d5f00000,0x00000000d5f00000,0x00000000dcf80000)
  from space 5632K, 99% used [0x00000000deb00000,0x00000000df07c078,0x00000000df080000)
  to   space 10240K, 0% used [0x00000000ddc80000,0x00000000ddc80000,0x00000000de680000)
 ParOldGen       total 56832K, used 9843K [0x0000000081c00000, 0x0000000085380000, 0x00000000d5f00000)
  object space 56832K, 17% used [0x0000000081c00000,0x000000008259cee0,0x0000000085380000)
 Metaspace       used 25075K, capacity 26154K, committed 26496K, reserved 1073152K
  class space    used 3165K, capacity 3355K, committed 3456K, reserved 1048576K
}
Event: 8.877 GC heap before
{Heap before GC invocations=8 (full 1):
 PSYoungGen      total 120832K, used 67169K [0x00000000d5f00000, 0x00000000df080000, 0x0000000100000000)
  eden space 115200K, 53% used [0x00000000d5f00000,0x00000000d9b1c518,0x00000000dcf80000)
  from space 5632K, 99% used [0x00000000deb00000,0x00000000df07c078,0x00000000df080000)
  to   space 10240K, 0% used [0x00000000ddc80000,0x00000000ddc80000,0x00000000de680000)
 ParOldGen       total 56832K, used 9843K [0x0000000081c00000, 0x0000000085380000, 0x00000000d5f00000)
  object space 56832K, 17% used [0x0000000081c00000,0x000000008259cee0,0x0000000085380000)
 Metaspace       used 34094K, capacity 35146K, committed 35416K, reserved 1079296K
  class space    used 4523K, capacity 4723K, committed 4736K, reserved 1048576K
Event: 8.893 GC heap after
Heap after GC invocations=8 (full 1):
 PSYoungGen      total 138752K, used 10218K [0x00000000d5f00000, 0x00000000e3500000, 0x0000000100000000)
  eden space 128512K, 0% used [0x00000000d5f00000,0x00000000d5f00000,0x00000000ddc80000)
  from space 10240K, 99% used [0x00000000ddc80000,0x00000000de67aaf8,0x00000000de680000)
  to   space 12288K, 0% used [0x00000000e2900000,0x00000000e2900000,0x00000000e3500000)
 ParOldGen       total 56832K, used 11713K [0x0000000081c00000, 0x0000000085380000, 0x00000000d5f00000)
  object space 56832K, 20% used [0x0000000081c00000,0x0000000082770570,0x0000000085380000)
 Metaspace       used 34094K, capacity 35146K, committed 35416K, reserved 1079296K
  class space    used 4523K, capacity 4723K, committed 4736K, reserved 1048576K
}
Event: 8.893 GC heap before
{Heap before GC invocations=9 (full 2):
 PSYoungGen      total 138752K, used 10218K [0x00000000d5f00000, 0x00000000e3500000, 0x0000000100000000)
  eden space 128512K, 0% used [0x00000000d5f00000,0x00000000d5f00000,0x00000000ddc80000)
  from space 10240K, 99% used [0x00000000ddc80000,0x00000000de67aaf8,0x00000000de680000)
  to   space 12288K, 0% used [0x00000000e2900000,0x00000000e2900000,0x00000000e3500000)
 ParOldGen       total 56832K, used 11713K [0x0000000081c00000, 0x0000000085380000, 0x00000000d5f00000)
  object space 56832K, 20% used [0x0000000081c00000,0x0000000082770570,0x0000000085380000)
 Metaspace       used 34094K, capacity 35146K, committed 35416K, reserved 1079296K
  class space    used 4523K, capacity 4723K, committed 4736K, reserved 1048576K
Event: 9.015 GC heap after
Heap after GC invocations=9 (full 2):
 PSYoungGen      total 138752K, used 0K [0x00000000d5f00000, 0x00000000e3500000, 0x0000000100000000)
  eden space 128512K, 0% used [0x00000000d5f00000,0x00000000d5f00000,0x00000000ddc80000)
  from space 10240K, 0% used [0x00000000ddc80000,0x00000000ddc80000,0x00000000de680000)
  to   space 12288K, 0% used [0x00000000e2900000,0x00000000e2900000,0x00000000e3500000)
 ParOldGen       total 87552K, used 20543K [0x0000000081c00000, 0x0000000087180000, 0x00000000d5f00000)
  object space 87552K, 23% used [0x0000000081c00000,0x000000008300ffa8,0x0000000087180000)
 Metaspace       used 34094K, capacity 35146K, committed 35416K, reserved 1079296K
  class space    used 4523K, capacity 4723K, committed 4736K, reserved 1048576K
}
Event: 55.222 GC heap before
{Heap before GC invocations=10 (full 2):
 PSYoungGen      total 138752K, used 128512K [0x00000000d5f00000, 0x00000000e3500000, 0x0000000100000000)
  eden space 128512K, 100% used [0x00000000d5f00000,0x00000000ddc80000,0x00000000ddc80000)
  from space 10240K, 0% used [0x00000000ddc80000,0x00000000ddc80000,0x00000000de680000)
  to   space 12288K, 0% used [0x00000000e2900000,0x00000000e2900000,0x00000000e3500000)
 ParOldGen       total 87552K, used 20543K [0x0000000081c00000, 0x0000000087180000, 0x00000000d5f00000)
  object space 87552K, 23% used [0x0000000081c00000,0x000000008300ffa8,0x0000000087180000)
 Metaspace       used 45520K, capacity 47178K, committed 47448K, reserved 1089536K
  class space    used 6178K, capacity 6453K, committed 6528K, reserved 1048576K
Event: 55.240 GC heap after
Heap after GC invocations=10 (full 2):
 PSYoungGen      total 197120K, used 12256K [0x00000000d5f00000, 0x00000000e3500000, 0x0000000100000000)
  eden space 184832K, 0% used [0x00000000d5f00000,0x00000000d5f00000,0x00000000e1380000)
  from space 12288K, 99% used [0x00000000e2900000,0x00000000e34f82e0,0x00000000e3500000)
  to   space 14336K, 0% used [0x00000000e1900000,0x00000000e1900000,0x00000000e2700000)
 ParOldGen       total 87552K, used 21882K [0x0000000081c00000, 0x0000000087180000, 0x00000000d5f00000)
  object space 87552K, 24% used [0x0000000081c00000,0x000000008315eb38,0x0000000087180000)
 Metaspace       used 45520K, capacity 47178K, committed 47448K, reserved 1089536K
  class space    used 6178K, capacity 6453K, committed 6528K, reserved 1048576K
}

