# JRE version: Java(TM) SE Runtime Environment (8.0_161-b12) (build 1.8.0_161-b12)
# Java VM: Java HotSpot(TM) 64-Bit Server VM (25.161-b12 mixed mode windows-amd64 compressed oops)
Heap:
 PSYoungGen      total 139776K, used 105446K [0x00000000d5f00000, 0x00000000e2c80000, 0x0000000100000000)
  eden space 129536K, 81% used [0x00000000d5f00000,0x00000000dc5f9a10,0x00000000ddd80000)
  from space 10240K, 0% used [0x00000000ddd80000,0x00000000ddd80000,0x00000000de780000)
  to   space 12800K, 0% used [0x00000000e2000000,0x00000000e2000000,0x00000000e2c80000)
 ParOldGen       total 89600K, used 20347K [0x0000000081c00000, 0x0000000087380000, 0x00000000d5f00000)
  object space 89600K, 22% used [0x0000000081c00000,0x0000000082fdee60,0x0000000087380000)
 Metaspace       used 43851K, capacity 45452K, committed 45656K, reserved 1089536K
  class space    used 5963K, capacity 6246K, committed 6272K, reserved 1048576K
GC Heap History (10 events):
Event: 5.322 GC heap before
{Heap before GC invocations=5 (full 0):
 PSYoungGen      total 71680K, used 26098K [0x00000000d5f00000, 0x00000000daa00000, 0x0000000100000000)
  eden space 66560K, 31% used [0x00000000d5f00000,0x00000000d737e670,0x00000000da000000)
  from space 5120K, 99% used [0x00000000da500000,0x00000000da9fe3a8,0x00000000daa00000)
  to   space 5120K, 0% used [0x00000000da000000,0x00000000da000000,0x00000000da500000)
 ParOldGen       total 87552K, used 9188K [0x0000000081c00000, 0x0000000087180000, 0x00000000d5f00000)
  object space 87552K, 10% used [0x0000000081c00000,0x00000000824f9170,0x0000000087180000)
 Metaspace       used 20526K, capacity 21182K, committed 21248K, reserved 1067008K
  class space    used 2590K, capacity 2757K, committed 2816K, reserved 1048576K
Event: 5.332 GC heap after
Heap after GC invocations=5 (full 0):
 PSYoungGen      total 71680K, used 5102K [0x00000000d5f00000, 0x00000000df600000, 0x0000000100000000)
  eden space 66560K, 0% used [0x00000000d5f00000,0x00000000d5f00000,0x00000000da000000)
  from space 5120K, 99% used [0x00000000da000000,0x00000000da4fb8b0,0x00000000da500000)
  to   space 10752K, 0% used [0x00000000deb80000,0x00000000deb80000,0x00000000df600000)
 ParOldGen       total 87552K, used 10210K [0x0000000081c00000, 0x0000000087180000, 0x00000000d5f00000)
  object space 87552K, 11% used [0x0000000081c00000,0x00000000825f8bc0,0x0000000087180000)
 Metaspace       used 20526K, capacity 21182K, committed 21248K, reserved 1067008K
  class space    used 2590K, capacity 2757K, committed 2816K, reserved 1048576K
}
Event: 5.332 GC heap before
{Heap before GC invocations=6 (full 1):
 PSYoungGen      total 71680K, used 5102K [0x00000000d5f00000, 0x00000000df600000, 0x0000000100000000)
  eden space 66560K, 0% used [0x00000000d5f00000,0x00000000d5f00000,0x00000000da000000)
  from space 5120K, 99% used [0x00000000da000000,0x00000000da4fb8b0,0x00000000da500000)
  to   space 10752K, 0% used [0x00000000deb80000,0x00000000deb80000,0x00000000df600000)
 ParOldGen       total 87552K, used 10210K [0x0000000081c00000, 0x0000000087180000, 0x00000000d5f00000)
  object space 87552K, 11% used [0x0000000081c00000,0x00000000825f8bc0,0x0000000087180000)
 Metaspace       used 20526K, capacity 21182K, committed 21248K, reserved 1067008K
  class space    used 2590K, capacity 2757K, committed 2816K, reserved 1048576K
Event: 5.385 GC heap after
Heap after GC invocations=6 (full 1):
 PSYoungGen      total 71680K, used 0K [0x00000000d5f00000, 0x00000000df600000, 0x0000000100000000)
  eden space 66560K, 0% used [0x00000000d5f00000,0x00000000d5f00000,0x00000000da000000)
  from space 5120K, 0% used [0x00000000da000000,0x00000000da000000,0x00000000da500000)
  to   space 10752K, 0% used [0x00000000deb80000,0x00000000deb80000,0x00000000df600000)
 ParOldGen       total 58880K, used 9827K [0x0000000081c00000, 0x0000000085580000, 0x00000000d5f00000)
  object space 58880K, 16% used [0x0000000081c00000,0x0000000082598c68,0x0000000085580000)
 Metaspace       used 20526K, capacity 21182K, committed 21248K, reserved 1067008K
  class space    used 2590K, capacity 2757K, committed 2816K, reserved 1048576K
}
Event: 7.723 GC heap before
{Heap before GC invocations=7 (full 1):
 PSYoungGen      total 71680K, used 66560K [0x00000000d5f00000, 0x00000000df600000, 0x0000000100000000)
  eden space 66560K, 100% used [0x00000000d5f00000,0x00000000da000000,0x00000000da000000)
  from space 5120K, 0% used [0x00000000da000000,0x00000000da000000,0x00000000da500000)
  to   space 10752K, 0% used [0x00000000deb80000,0x00000000deb80000,0x00000000df600000)
 ParOldGen       total 58880K, used 9827K [0x0000000081c00000, 0x0000000085580000, 0x00000000d5f00000)
  object space 58880K, 16% used [0x0000000081c00000,0x0000000082598c68,0x0000000085580000)
 Metaspace       used 25660K, capacity 26734K, committed 27008K, reserved 1073152K
  class space    used 3228K, capacity 3419K, committed 3456K, reserved 1048576K
Event: 7.764 GC heap after
Heap after GC invocations=7 (full 1):
 PSYoungGen      total 118784K, used 6119K [0x00000000d5f00000, 0x00000000df180000, 0x0000000100000000)
  eden space 112640K, 0% used [0x00000000d5f00000,0x00000000d5f00000,0x00000000dcd00000)
  from space 6144K, 99% used [0x00000000deb80000,0x00000000df179f28,0x00000000df180000)
  to   space 10240K, 0% used [0x00000000ddd80000,0x00000000ddd80000,0x00000000de780000)
 ParOldGen       total 58880K, used 9827K [0x0000000081c00000, 0x0000000085580000, 0x00000000d5f00000)
  object space 58880K, 16% used [0x0000000081c00000,0x0000000082598c68,0x0000000085580000)
 Metaspace       used 25660K, capacity 26734K, committed 27008K, reserved 1073152K
  class space    used 3228K, capacity 3419K, committed 3456K, reserved 1048576K
}
Event: 10.477 GC heap before
{Heap before GC invocations=8 (full 1):
 PSYoungGen      total 118784K, used 68508K [0x00000000d5f00000, 0x00000000df180000, 0x0000000100000000)
  eden space 112640K, 55% used [0x00000000d5f00000,0x00000000d9bed370,0x00000000dcd00000)
  from space 6144K, 99% used [0x00000000deb80000,0x00000000df179f28,0x00000000df180000)
  to   space 10240K, 0% used [0x00000000ddd80000,0x00000000ddd80000,0x00000000de780000)
 ParOldGen       total 58880K, used 9827K [0x0000000081c00000, 0x0000000085580000, 0x00000000d5f00000)
  object space 58880K, 16% used [0x0000000081c00000,0x0000000082598c68,0x0000000085580000)
 Metaspace       used 34112K, capacity 35150K, committed 35416K, reserved 1079296K
  class space    used 4523K, capacity 4723K, committed 4736K, reserved 1048576K
Event: 10.493 GC heap after
Heap after GC invocations=8 (full 1):
 PSYoungGen      total 139776K, used 10210K [0x00000000d5f00000, 0x00000000e2c80000, 0x0000000100000000)
  eden space 129536K, 0% used [0x00000000d5f00000,0x00000000d5f00000,0x00000000ddd80000)
  from space 10240K, 99% used [0x00000000ddd80000,0x00000000de778a60,0x00000000de780000)
  to   space 12800K, 0% used [0x00000000e2000000,0x00000000e2000000,0x00000000e2c80000)
 ParOldGen       total 58880K, used 11605K [0x0000000081c00000, 0x0000000085580000, 0x00000000d5f00000)
  object space 58880K, 19% used [0x0000000081c00000,0x0000000082755468,0x0000000085580000)
 Metaspace       used 34112K, capacity 35150K, committed 35416K, reserved 1079296K
  class space    used 4523K, capacity 4723K, committed 4736K, reserved 1048576K
}
Event: 10.493 GC heap before
{Heap before GC invocations=9 (full 2):
 PSYoungGen      total 139776K, used 10210K [0x00000000d5f00000, 0x00000000e2c80000, 0x0000000100000000)
  eden space 129536K, 0% used [0x00000000d5f00000,0x00000000d5f00000,0x00000000ddd80000)
  from space 10240K, 99% used [0x00000000ddd80000,0x00000000de778a60,0x00000000de780000)
  to   space 12800K, 0% used [0x00000000e2000000,0x00000000e2000000,0x00000000e2c80000)
 ParOldGen       total 58880K, used 11605K [0x0000000081c00000, 0x0000000085580000, 0x00000000d5f00000)
  object space 58880K, 19% used [0x0000000081c00000,0x0000000082755468,0x0000000085580000)
 Metaspace       used 34112K, capacity 35150K, committed 35416K, reserved 1079296K
  class space    used 4523K, capacity 4723K, committed 4736K, reserved 1048576K
Event: 10.608 GC heap after
Heap after GC invocations=9 (full 2):
 PSYoungGen      total 139776K, used 0K [0x00000000d5f00000, 0x00000000e2c80000, 0x0000000100000000)
  eden space 129536K, 0% used [0x00000000d5f00000,0x00000000d5f00000,0x00000000ddd80000)
  from space 10240K, 0% used [0x00000000ddd80000,0x00000000ddd80000,0x00000000de780000)
  to   space 12800K, 0% used [0x00000000e2000000,0x00000000e2000000,0x00000000e2c80000)
 ParOldGen       total 89600K, used 20347K [0x0000000081c00000, 0x0000000087380000, 0x00000000d5f00000)
  object space 89600K, 22% used [0x0000000081c00000,0x0000000082fdee60,0x0000000087380000)
 Metaspace       used 34112K, capacity 35150K, committed 35416K, reserved 1079296K
  class space    used 4523K, capacity 4723K, committed 4736K, reserved 1048576K
}

